10:03:55.651 [TestNG-tests-1] FATAL testCases.TC_01_SubscribeTest - Expected condition failed: waiting for visibility of Proxy element for: DefaultElementLocator 'By.cssSelector: #subscribebox' (tried for 8 second(s) with 500 milliseconds interval)
10:03:55.653 [TestNG-tests-1] INFO  testCases.TC_01_SubscribeTest - Mac OS X
10:03:55.663 [TestNG-tests-1] INFO  utilities.ExtentReportUtility - test class: ChromeDriver: chrome on mac (25d3403ed4d44b5f85483fc9607b2b46)
10:03:55.831 [TestNG-tests-1] INFO  testCases.TC_01_SubscribeTest - screenshots/subscribe_20231024100355.png
14:20:39.718 [TestNG-tests-1] FATAL testCases.TC_01_SubscribeTest - Expected condition failed: waiting for visibility of Proxy element for: DefaultElementLocator 'By.cssSelector: #subscribebox' (tried for 8 second(s) with 500 milliseconds interval)
14:20:39.720 [TestNG-tests-1] INFO  testCases.TC_01_SubscribeTest - Mac OS X
14:20:39.731 [TestNG-tests-1] INFO  utilities.ExtentReportUtility - test class: ChromeDriver: chrome on mac (b498efb977b86ef1814675729051cb3b)
14:20:39.910 [TestNG-tests-1] INFO  testCases.TC_01_SubscribeTest - screenshots/subscribe_20231025022039.png
14:20:42.542 [TestNG-tests-1] INFO  utilities.ExtentReportUtility - test class: ChromeDriver: chrome on mac (44b940b0eb7bb955a8ea0fc4f663476f)
14:22:51.092 [TestNG-tests-1] FATAL testCases.TC_01_SubscribeTest - Expected condition failed: waiting for visibility of Proxy element for: DefaultElementLocator 'By.cssSelector: #subscribebox' (tried for 8 second(s) with 500 milliseconds interval)
14:22:51.095 [TestNG-tests-1] INFO  testCases.TC_01_SubscribeTest - Mac OS X
14:22:51.103 [TestNG-tests-1] INFO  utilities.ExtentReportUtility - test class: ChromeDriver: chrome on mac (57c946539959f58d30001aa190e583b7)
14:22:51.259 [TestNG-tests-1] INFO  testCases.TC_01_SubscribeTest - screenshots/subscribe_20231025022251.png
14:22:54.059 [TestNG-tests-1] INFO  utilities.ExtentReportUtility - test class: ChromeDriver: chrome on mac (af6be58f1d345062c1e689d99357e714)
14:23:41.133 [TestNG-tests-1] FATAL testCases.TC_01_SubscribeTest - Expected condition failed: waiting for visibility of Proxy element for: DefaultElementLocator 'By.cssSelector: #subscribebox' (tried for 8 second(s) with 500 milliseconds interval)
14:23:41.135 [TestNG-tests-1] INFO  testCases.TC_01_SubscribeTest - Mac OS X
14:23:41.144 [TestNG-tests-1] INFO  utilities.ExtentReportUtility - test class: ChromeDriver: chrome on mac (44846c00e9a5fbb1052d1ddc1b555780)
14:23:41.298 [TestNG-tests-1] INFO  testCases.TC_01_SubscribeTest - screenshots/subscribe_20231025022341.png
09:43:53.809 [main] INFO  org.testng.internal.Utils - [TestNG] Running:
  /Users/henry_admin/IdeaProjects/AutomationFrameWork/TestNG.xml

